<?xml version="1.0" encoding="UTF-8"?>
<testsuite name="com.example.taskapp.SecurityMockMvcTest" tests="6" skipped="0" failures="0" errors="0" timestamp="2026-02-28T06:05:47.253Z" hostname="KENKEN8" time="1.151">
  <properties/>
  <testcase name="logout_with_csrf_redirects()" classname="com.example.taskapp.SecurityMockMvcTest" time="0.487"/>
  <testcase name="logout_requires_csrf()" classname="com.example.taskapp.SecurityMockMvcTest" time="0.009"/>
  <testcase name="formLogin_success()" classname="com.example.taskapp.SecurityMockMvcTest" time="0.146"/>
  <testcase name="tasks_ok_when_authenticated()" classname="com.example.taskapp.SecurityMockMvcTest" time="0.418"/>
  <testcase name="tasks_requires_login()" classname="com.example.taskapp.SecurityMockMvcTest" time="0.011"/>
  <testcase name="formLogin_failure()" classname="com.example.taskapp.SecurityMockMvcTest" time="0.073"/>
  <system-out><![CDATA[15:05:40.283 [Test worker] INFO org.springframework.test.context.support.AnnotationConfigContextLoaderUtils -- Could not detect default configuration classes for test class [com.example.taskapp.SecurityMockMvcTest]: SecurityMockMvcTest does not declare any static, non-private, non-final, nested classes annotated with @Configuration.
15:05:40.492 [Test worker] INFO org.springframework.boot.test.context.SpringBootTestContextBootstrapper -- Found @SpringBootConfiguration com.example.taskapp.TaskappApplication for test class com.example.taskapp.SecurityMockMvcTest

  .   ____          _            __ _ _
 /\\ / ___'_ __ _ _(_)_ __  __ _ \ \ \ \
( ( )\___ | '_ | '_| | '_ \/ _` | \ \ \ \
 \\/  ___)| |_)| | | | | || (_| |  ) ) ) )
  '  |____| .__|_| |_|_| |_\__, | / / / /
 =========|_|==============|___/=/_/_/_/

 :: Spring Boot ::      (v3.5.10-SNAPSHOT)

2026-02-28T15:05:41.192+09:00  INFO 14204 --- [hellospring] [    Test worker] c.example.taskapp.SecurityMockMvcTest    : Starting SecurityMockMvcTest using Java 21.0.9 with PID 14204 (started by 10xja in C:\Users\10xja\Desktop\JavaTraining-Week4)
2026-02-28T15:05:41.194+09:00  INFO 14204 --- [hellospring] [    Test worker] c.example.taskapp.SecurityMockMvcTest    : No active profile set, falling back to 1 default profile: "default"
2026-02-28T15:05:42.261+09:00  INFO 14204 --- [hellospring] [    Test worker] .s.d.r.c.RepositoryConfigurationDelegate : Bootstrapping Spring Data JPA repositories in DEFAULT mode.
2026-02-28T15:05:42.352+09:00  INFO 14204 --- [hellospring] [    Test worker] .s.d.r.c.RepositoryConfigurationDelegate : Finished Spring Data repository scanning in 75 ms. Found 2 JPA repository interfaces.
2026-02-28T15:05:43.164+09:00  INFO 14204 --- [hellospring] [    Test worker] o.hibernate.jpa.internal.util.LogHelper  : HHH000204: Processing PersistenceUnitInfo [name: default]
2026-02-28T15:05:43.267+09:00  INFO 14204 --- [hellospring] [    Test worker] org.hibernate.Version                    : HHH000412: Hibernate ORM core version 6.6.41.Final
2026-02-28T15:05:43.327+09:00  INFO 14204 --- [hellospring] [    Test worker] o.h.c.internal.RegionFactoryInitiator    : HHH000026: Second-level cache disabled
2026-02-28T15:05:43.810+09:00  INFO 14204 --- [hellospring] [    Test worker] o.s.o.j.p.SpringPersistenceUnitInfo      : No LoadTimeWeaver setup: ignoring JPA class transformer
2026-02-28T15:05:43.861+09:00  INFO 14204 --- [hellospring] [    Test worker] com.zaxxer.hikari.HikariDataSource       : HikariPool-1 - Starting...
2026-02-28T15:05:44.070+09:00  INFO 14204 --- [hellospring] [    Test worker] com.zaxxer.hikari.pool.HikariPool        : HikariPool-1 - Added connection conn0: url=jdbc:h2:mem:tasks user=SA
2026-02-28T15:05:44.072+09:00  INFO 14204 --- [hellospring] [    Test worker] com.zaxxer.hikari.HikariDataSource       : HikariPool-1 - Start completed.
2026-02-28T15:05:44.149+09:00  INFO 14204 --- [hellospring] [    Test worker] org.hibernate.orm.connections.pooling    : HHH10001005: Database info:
	Database JDBC URL [Connecting through datasource 'HikariDataSource (HikariPool-1)']
	Database driver: undefined/unknown
	Database version: 2.3.232
	Autocommit mode: undefined/unknown
	Isolation level: undefined/unknown
	Minimum pool size: undefined/unknown
	Maximum pool size: undefined/unknown
2026-02-28T15:05:45.125+09:00  INFO 14204 --- [hellospring] [    Test worker] o.h.e.t.j.p.i.JtaPlatformInitiator       : HHH000489: No JTA platform available (set 'hibernate.transaction.jta.platform' to enable JTA platform integration)
Hibernate: create table task (id bigint generated by default as identity, completed boolean not null, title varchar(50) not null, primary key (id))
Hibernate: create table user_accounts (id bigint generated by default as identity, password varchar(255) not null, role varchar(20) not null, username varchar(50) not null, primary key (id))
Hibernate: alter table if exists user_accounts drop constraint if exists UKlxwlgwuy2yrbye2vgs9w9x7mr
Hibernate: alter table if exists user_accounts add constraint UKlxwlgwuy2yrbye2vgs9w9x7mr unique (username)
2026-02-28T15:05:45.203+09:00  INFO 14204 --- [hellospring] [    Test worker] j.LocalContainerEntityManagerFactoryBean : Initialized JPA EntityManagerFactory for persistence unit 'default'
2026-02-28T15:05:45.746+09:00  WARN 14204 --- [hellospring] [    Test worker] JpaBaseConfiguration$JpaWebConfiguration : spring.jpa.open-in-view is enabled by default. Therefore, database queries may be performed during view rendering. Explicitly configure spring.jpa.open-in-view to disable this warning
2026-02-28T15:05:45.808+09:00  INFO 14204 --- [hellospring] [    Test worker] r$InitializeUserDetailsManagerConfigurer : Global AuthenticationManager configured with UserDetailsService bean with name userAccountService
2026-02-28T15:05:46.637+09:00  INFO 14204 --- [hellospring] [    Test worker] o.s.b.a.h2.H2ConsoleAutoConfiguration    : H2 console available at '/h2-console'. Database available at 'jdbc:h2:mem:tasks'
2026-02-28T15:05:46.830+09:00  INFO 14204 --- [hellospring] [    Test worker] o.s.b.t.m.w.SpringBootMockServletContext : Initializing Spring TestDispatcherServlet ''
2026-02-28T15:05:46.830+09:00  INFO 14204 --- [hellospring] [    Test worker] o.s.t.web.servlet.TestDispatcherServlet  : Initializing Servlet ''
2026-02-28T15:05:46.832+09:00  INFO 14204 --- [hellospring] [    Test worker] o.s.t.web.servlet.TestDispatcherServlet  : Completed initialization in 1 ms
2026-02-28T15:05:46.878+09:00  INFO 14204 --- [hellospring] [    Test worker] c.example.taskapp.SecurityMockMvcTest    : Started SecurityMockMvcTest in 6.145 seconds (process running for 7.919)
Hibernate: select ua1_0.id,ua1_0.password,ua1_0.role,ua1_0.username from user_accounts ua1_0 where ua1_0.username=?
Hibernate: insert into user_accounts (password,role,username,id) values (?,?,?,default)
Hibernate: select ua1_0.id,ua1_0.password,ua1_0.role,ua1_0.username from user_accounts ua1_0 where ua1_0.username=?
Hibernate: select t1_0.id,t1_0.completed,t1_0.title from task t1_0
Hibernate: select ua1_0.id,ua1_0.password,ua1_0.role,ua1_0.username from user_accounts ua1_0 where ua1_0.username=?
]]></system-out>
  <system-err><![CDATA[Mockito is currently self-attaching to enable the inline-mock-maker. This will no longer work in future releases of the JDK. Please add Mockito as an agent to your build as described in Mockito's documentation: https://javadoc.io/doc/org.mockito/mockito-core/latest/org.mockito/org/mockito/Mockito.html#0.3
WARNING: A Java agent has been loaded dynamically (C:\Users\10xja\.gradle\caches\modules-2\files-2.1\net.bytebuddy\byte-buddy-agent\1.17.8\f09415827a71be7ed621c7bd02550678f28bc81c\byte-buddy-agent-1.17.8.jar)
WARNING: If a serviceability tool is in use, please run with -XX:+EnableDynamicAgentLoading to hide this warning
WARNING: If a serviceability tool is not in use, please run with -Djdk.instrument.traceUsage for more information
WARNING: Dynamic loading of agents will be disallowed by default in a future release
]]></system-err>
</testsuite>
